2016-05-20 12:55:06.226+0000 INFO  [o.n.k.i.f.CommunityFacadeFactory] No locking implementation specified, defaulting to 'community'
2016-05-20 12:55:06.422+0000 INFO  [o.n.k.AvailabilityGuard] Requirement makes database unavailable: Database available
2016-05-20 12:55:06.435+0000 INFO  [o.n.k.i.DiagnosticsManager] --- INITIALIZED diagnostics START ---
2016-05-20 12:55:06.436+0000 INFO  [o.n.k.i.DiagnosticsManager] Neo4j Kernel properties:
2016-05-20 12:55:06.436+0000 INFO  [o.n.k.i.DiagnosticsManager] ephemeral=false
2016-05-20 12:55:06.437+0000 INFO  [o.n.k.i.DiagnosticsManager] edition=Community
2016-05-20 12:55:06.437+0000 INFO  [o.n.k.i.DiagnosticsManager] Diagnostics providers:
2016-05-20 12:55:06.437+0000 INFO  [o.n.k.i.DiagnosticsManager] org.neo4j.kernel.configuration.Config
2016-05-20 12:55:06.437+0000 INFO  [o.n.k.i.DiagnosticsManager] org.neo4j.kernel.info.DiagnosticsManager
2016-05-20 12:55:06.438+0000 INFO  [o.n.k.i.DiagnosticsManager] SYSTEM_MEMORY
2016-05-20 12:55:06.438+0000 INFO  [o.n.k.i.DiagnosticsManager] JAVA_MEMORY
2016-05-20 12:55:06.438+0000 INFO  [o.n.k.i.DiagnosticsManager] OPERATING_SYSTEM
2016-05-20 12:55:06.438+0000 INFO  [o.n.k.i.DiagnosticsManager] JAVA_VIRTUAL_MACHINE
2016-05-20 12:55:06.438+0000 INFO  [o.n.k.i.DiagnosticsManager] CLASSPATH
2016-05-20 12:55:06.438+0000 INFO  [o.n.k.i.DiagnosticsManager] LIBRARY_PATH
2016-05-20 12:55:06.438+0000 INFO  [o.n.k.i.DiagnosticsManager] SYSTEM_PROPERTIES
2016-05-20 12:55:06.439+0000 INFO  [o.n.k.i.DiagnosticsManager] LINUX_SCHEDULERS
2016-05-20 12:55:06.439+0000 INFO  [o.n.k.i.DiagnosticsManager] NETWORK
2016-05-20 12:55:06.439+0000 INFO  [o.n.k.i.DiagnosticsManager] System memory information:
2016-05-20 12:55:06.451+0000 INFO  [o.n.k.i.DiagnosticsManager] Total Physical memory: 3.78 GB
2016-05-20 12:55:06.451+0000 INFO  [o.n.k.i.DiagnosticsManager] Free Physical memory: 47.45 MB
2016-05-20 12:55:06.452+0000 INFO  [o.n.k.i.DiagnosticsManager] Committed virtual memory: 3.40 GB
2016-05-20 12:55:06.452+0000 INFO  [o.n.k.i.DiagnosticsManager] Total swap space: 3.92 GB
2016-05-20 12:55:06.452+0000 INFO  [o.n.k.i.DiagnosticsManager] Free swap space: 2.19 GB
2016-05-20 12:55:06.452+0000 INFO  [o.n.k.i.DiagnosticsManager] JVM memory information:
2016-05-20 12:55:06.453+0000 INFO  [o.n.k.i.DiagnosticsManager] Free  memory: 90.39 MB
2016-05-20 12:55:06.453+0000 INFO  [o.n.k.i.DiagnosticsManager] Total memory: 173.50 MB
2016-05-20 12:55:06.453+0000 INFO  [o.n.k.i.DiagnosticsManager] Max   memory: 862.50 MB
2016-05-20 12:55:06.454+0000 INFO  [o.n.k.i.DiagnosticsManager] Garbage Collector: PS Scavenge: [PS Eden Space, PS Survivor Space]
2016-05-20 12:55:06.454+0000 INFO  [o.n.k.i.DiagnosticsManager] Garbage Collector: PS MarkSweep: [PS Eden Space, PS Survivor Space, PS Old Gen]
2016-05-20 12:55:06.455+0000 INFO  [o.n.k.i.DiagnosticsManager] Memory Pool: Code Cache (Non-heap memory): committed=4.56 MB, used=4.51 MB, max=240.00 MB, threshold=0.00 B
2016-05-20 12:55:06.456+0000 INFO  [o.n.k.i.DiagnosticsManager] Memory Pool: Metaspace (Non-heap memory): committed=13.00 MB, used=12.70 MB, max=-1.00 B, threshold=0.00 B
2016-05-20 12:55:06.457+0000 INFO  [o.n.k.i.DiagnosticsManager] Memory Pool: Compressed Class Space (Non-heap memory): committed=1.75 MB, used=1.65 MB, max=1.00 GB, threshold=0.00 B
2016-05-20 12:55:06.457+0000 INFO  [o.n.k.i.DiagnosticsManager] Memory Pool: PS Eden Space (Heap memory): committed=62.00 MB, used=11.28 MB, max=286.50 MB, threshold=?
2016-05-20 12:55:06.458+0000 INFO  [o.n.k.i.DiagnosticsManager] Memory Pool: PS Survivor Space (Heap memory): committed=2.50 MB, used=2.50 MB, max=2.50 MB, threshold=?
2016-05-20 12:55:06.459+0000 INFO  [o.n.k.i.DiagnosticsManager] Memory Pool: PS Old Gen (Heap memory): committed=109.00 MB, used=69.33 MB, max=647.00 MB, threshold=0.00 B
2016-05-20 12:55:06.460+0000 INFO  [o.n.k.i.DiagnosticsManager] Operating system information:
2016-05-20 12:55:06.460+0000 INFO  [o.n.k.i.DiagnosticsManager] Operating System: Linux; version: 4.4.0-22-generic; arch: amd64; cpus: 4
2016-05-20 12:55:06.461+0000 INFO  [o.n.k.i.DiagnosticsManager] Max number of file descriptors: 64.00 kB
2016-05-20 12:55:06.461+0000 INFO  [o.n.k.i.DiagnosticsManager] Number of open file descriptors: 27.00 B
2016-05-20 12:55:06.461+0000 INFO  [o.n.k.i.DiagnosticsManager] Process id: 3006@vandergoes
2016-05-20 12:55:06.462+0000 INFO  [o.n.k.i.DiagnosticsManager] Byte order: LITTLE_ENDIAN
2016-05-20 12:55:06.462+0000 INFO  [o.n.k.i.DiagnosticsManager] Local timezone: Europe/Amsterdam
2016-05-20 12:55:06.462+0000 INFO  [o.n.k.i.DiagnosticsManager] JVM information:
2016-05-20 12:55:06.462+0000 INFO  [o.n.k.i.DiagnosticsManager] VM Name: OpenJDK 64-Bit Server VM
2016-05-20 12:55:06.462+0000 INFO  [o.n.k.i.DiagnosticsManager] VM Vendor: Oracle Corporation
2016-05-20 12:55:06.463+0000 INFO  [o.n.k.i.DiagnosticsManager] VM Version: 25.91-b14
2016-05-20 12:55:06.463+0000 INFO  [o.n.k.i.DiagnosticsManager] JIT compiler: HotSpot 64-Bit Tiered Compilers
2016-05-20 12:55:06.463+0000 INFO  [o.n.k.i.DiagnosticsManager] VM Arguments: []
2016-05-20 12:55:06.463+0000 INFO  [o.n.k.i.DiagnosticsManager] Java classpath:
2016-05-20 12:55:06.464+0000 INFO  [o.n.k.i.DiagnosticsManager]  [bootstrap] /usr/lib/jvm/java-8-openjdk-amd64/jre/lib/jce.jar
2016-05-20 12:55:06.464+0000 INFO  [o.n.k.i.DiagnosticsManager]  [classpath + loader.0] file:/home/vandergoes/GitHub/mongo2neo/target/mongo2neo-1.0-SNAPSHOT-jar-with-dependencies.jar
2016-05-20 12:55:06.464+0000 INFO  [o.n.k.i.DiagnosticsManager]  [loader.1] file:/usr/lib/jvm/java-8-openjdk-amd64/jre/lib/ext/cldrdata.jar
2016-05-20 12:55:06.464+0000 INFO  [o.n.k.i.DiagnosticsManager]  [bootstrap] /usr/lib/jvm/java-8-openjdk-amd64/jre/classes
2016-05-20 12:55:06.464+0000 INFO  [o.n.k.i.DiagnosticsManager]  [loader.1] file:/usr/lib/jvm/java-8-openjdk-amd64/jre/lib/ext/zipfs.jar
2016-05-20 12:55:06.464+0000 INFO  [o.n.k.i.DiagnosticsManager]  [loader.1] file:/usr/lib/jvm/java-8-openjdk-amd64/jre/lib/ext/nashorn.jar
2016-05-20 12:55:06.465+0000 INFO  [o.n.k.i.DiagnosticsManager]  [loader.1] file:/usr/lib/jvm/java-8-openjdk-amd64/jre/lib/ext/icedtea-sound.jar
2016-05-20 12:55:06.465+0000 INFO  [o.n.k.i.DiagnosticsManager]  [loader.1] file:/usr/lib/jvm/java-8-openjdk-amd64/jre/lib/ext/dnsns.jar
2016-05-20 12:55:06.465+0000 INFO  [o.n.k.i.DiagnosticsManager]  [bootstrap] /usr/lib/jvm/java-8-openjdk-amd64/jre/lib/jsse.jar
2016-05-20 12:55:06.465+0000 INFO  [o.n.k.i.DiagnosticsManager]  [bootstrap] /usr/lib/jvm/java-8-openjdk-amd64/jre/lib/resources.jar
2016-05-20 12:55:06.465+0000 INFO  [o.n.k.i.DiagnosticsManager]  [loader.1] file:/usr/lib/jvm/java-8-openjdk-amd64/jre/lib/ext/localedata.jar
2016-05-20 12:55:06.465+0000 INFO  [o.n.k.i.DiagnosticsManager]  [loader.1] file:/usr/lib/jvm/java-8-openjdk-amd64/jre/lib/ext/sunjce_provider.jar
2016-05-20 12:55:06.465+0000 INFO  [o.n.k.i.DiagnosticsManager]  [loader.1] file:/usr/lib/jvm/java-8-openjdk-amd64/jre/lib/ext/jaccess.jar
2016-05-20 12:55:06.465+0000 INFO  [o.n.k.i.DiagnosticsManager]  [loader.1] file:/usr/lib/jvm/java-8-openjdk-amd64/jre/lib/ext/sunpkcs11.jar
2016-05-20 12:55:06.465+0000 INFO  [o.n.k.i.DiagnosticsManager]  [bootstrap] /usr/lib/jvm/java-8-openjdk-amd64/jre/lib/charsets.jar
2016-05-20 12:55:06.465+0000 INFO  [o.n.k.i.DiagnosticsManager]  [bootstrap] /usr/lib/jvm/java-8-openjdk-amd64/jre/lib/sunrsasign.jar
2016-05-20 12:55:06.466+0000 INFO  [o.n.k.i.DiagnosticsManager]  [loader.1] file:/usr/lib/jvm/java-8-openjdk-amd64/jre/lib/ext/sunec.jar
2016-05-20 12:55:06.466+0000 INFO  [o.n.k.i.DiagnosticsManager]  [bootstrap] /usr/lib/jvm/java-8-openjdk-amd64/jre/lib/jfr.jar
2016-05-20 12:55:06.466+0000 INFO  [o.n.k.i.DiagnosticsManager]  [bootstrap] /usr/lib/jvm/java-8-openjdk-amd64/jre/lib/rt.jar
2016-05-20 12:55:06.466+0000 INFO  [o.n.k.i.DiagnosticsManager] Library path:
2016-05-20 12:55:06.466+0000 INFO  [o.n.k.i.DiagnosticsManager] /usr/java/packages/lib/amd64
2016-05-20 12:55:06.466+0000 INFO  [o.n.k.i.DiagnosticsManager] /usr/lib/x86_64-linux-gnu/jni
2016-05-20 12:55:06.466+0000 INFO  [o.n.k.i.DiagnosticsManager] /lib/x86_64-linux-gnu
2016-05-20 12:55:06.466+0000 INFO  [o.n.k.i.DiagnosticsManager] /usr/lib/x86_64-linux-gnu
2016-05-20 12:55:06.466+0000 INFO  [o.n.k.i.DiagnosticsManager] /usr/lib/jni
2016-05-20 12:55:06.467+0000 INFO  [o.n.k.i.DiagnosticsManager] /lib
2016-05-20 12:55:06.467+0000 INFO  [o.n.k.i.DiagnosticsManager] /usr/lib
2016-05-20 12:55:06.467+0000 INFO  [o.n.k.i.DiagnosticsManager] System.properties:
2016-05-20 12:55:06.467+0000 INFO  [o.n.k.i.DiagnosticsManager] sun.boot.library.path = /usr/lib/jvm/java-8-openjdk-amd64/jre/lib/amd64
2016-05-20 12:55:06.468+0000 INFO  [o.n.k.i.DiagnosticsManager] path.separator = :
2016-05-20 12:55:06.468+0000 INFO  [o.n.k.i.DiagnosticsManager] file.encoding.pkg = sun.io
2016-05-20 12:55:06.468+0000 INFO  [o.n.k.i.DiagnosticsManager] user.country = US
2016-05-20 12:55:06.468+0000 INFO  [o.n.k.i.DiagnosticsManager] sun.java.launcher = SUN_STANDARD
2016-05-20 12:55:06.468+0000 INFO  [o.n.k.i.DiagnosticsManager] sun.os.patch.level = unknown
2016-05-20 12:55:06.468+0000 INFO  [o.n.k.i.DiagnosticsManager] user.dir = /home/vandergoes/GitHub/mongo2neo
2016-05-20 12:55:06.468+0000 INFO  [o.n.k.i.DiagnosticsManager] sun.jnu.encoding = UTF-8
2016-05-20 12:55:06.468+0000 INFO  [o.n.k.i.DiagnosticsManager] sun.management.compiler = HotSpot 64-Bit Tiered Compilers
2016-05-20 12:55:06.468+0000 INFO  [o.n.k.i.DiagnosticsManager] user.home = /home/vandergoes
2016-05-20 12:55:06.468+0000 INFO  [o.n.k.i.DiagnosticsManager] user.timezone = Europe/Amsterdam
2016-05-20 12:55:06.468+0000 INFO  [o.n.k.i.DiagnosticsManager] file.encoding = UTF-8
2016-05-20 12:55:06.468+0000 INFO  [o.n.k.i.DiagnosticsManager] user.name = vandergoes
2016-05-20 12:55:06.468+0000 INFO  [o.n.k.i.DiagnosticsManager] sun.java.command = target/mongo2neo-1.0-SNAPSHOT-jar-with-dependencies.jar
2016-05-20 12:55:06.469+0000 INFO  [o.n.k.i.DiagnosticsManager] sun.arch.data.model = 64
2016-05-20 12:55:06.469+0000 INFO  [o.n.k.i.DiagnosticsManager] user.language = en
2016-05-20 12:55:06.469+0000 INFO  [o.n.k.i.DiagnosticsManager] awt.toolkit = sun.awt.X11.XToolkit
2016-05-20 12:55:06.469+0000 INFO  [o.n.k.i.DiagnosticsManager] file.separator = /
2016-05-20 12:55:06.469+0000 INFO  [o.n.k.i.DiagnosticsManager] sun.io.unicode.encoding = UnicodeLittle
2016-05-20 12:55:06.469+0000 INFO  [o.n.k.i.DiagnosticsManager] sun.cpu.endian = little
2016-05-20 12:55:06.469+0000 INFO  [o.n.k.i.DiagnosticsManager] sun.desktop = gnome
2016-05-20 12:55:06.469+0000 INFO  [o.n.k.i.DiagnosticsManager] sun.cpu.isalist = 
2016-05-20 12:55:06.469+0000 INFO  [o.n.k.i.DiagnosticsManager] Linux scheduler information:
2016-05-20 12:55:06.470+0000 INFO  [o.n.k.i.DiagnosticsManager] noop [deadline] cfq 
2016-05-20 12:55:06.471+0000 INFO  [o.n.k.i.DiagnosticsManager] noop [deadline] cfq 
2016-05-20 12:55:06.471+0000 INFO  [o.n.k.i.DiagnosticsManager] none
2016-05-20 12:55:06.471+0000 INFO  [o.n.k.i.DiagnosticsManager] none
2016-05-20 12:55:06.471+0000 INFO  [o.n.k.i.DiagnosticsManager] none
2016-05-20 12:55:06.471+0000 INFO  [o.n.k.i.DiagnosticsManager] none
2016-05-20 12:55:06.471+0000 INFO  [o.n.k.i.DiagnosticsManager] none
2016-05-20 12:55:06.472+0000 INFO  [o.n.k.i.DiagnosticsManager] none
2016-05-20 12:55:06.472+0000 INFO  [o.n.k.i.DiagnosticsManager] none
2016-05-20 12:55:06.472+0000 INFO  [o.n.k.i.DiagnosticsManager] none
2016-05-20 12:55:06.472+0000 INFO  [o.n.k.i.DiagnosticsManager] none
2016-05-20 12:55:06.472+0000 INFO  [o.n.k.i.DiagnosticsManager] none
2016-05-20 12:55:06.473+0000 INFO  [o.n.k.i.DiagnosticsManager] none
2016-05-20 12:55:06.473+0000 INFO  [o.n.k.i.DiagnosticsManager] none
2016-05-20 12:55:06.473+0000 INFO  [o.n.k.i.DiagnosticsManager] none
2016-05-20 12:55:06.473+0000 INFO  [o.n.k.i.DiagnosticsManager] none
2016-05-20 12:55:06.473+0000 INFO  [o.n.k.i.DiagnosticsManager] none
2016-05-20 12:55:06.474+0000 INFO  [o.n.k.i.DiagnosticsManager] none
2016-05-20 12:55:06.474+0000 INFO  [o.n.k.i.DiagnosticsManager] none
2016-05-20 12:55:06.474+0000 INFO  [o.n.k.i.DiagnosticsManager] none
2016-05-20 12:55:06.474+0000 INFO  [o.n.k.i.DiagnosticsManager] none
2016-05-20 12:55:06.475+0000 INFO  [o.n.k.i.DiagnosticsManager] none
2016-05-20 12:55:06.475+0000 INFO  [o.n.k.i.DiagnosticsManager] none
2016-05-20 12:55:06.475+0000 INFO  [o.n.k.i.DiagnosticsManager] none
2016-05-20 12:55:06.475+0000 INFO  [o.n.k.i.DiagnosticsManager] none
2016-05-20 12:55:06.476+0000 INFO  [o.n.k.i.DiagnosticsManager] none
2016-05-20 12:55:06.476+0000 INFO  [o.n.k.i.DiagnosticsManager] Network information:
2016-05-20 12:55:06.476+0000 INFO  [o.n.k.i.DiagnosticsManager] Interface docker0:
2016-05-20 12:55:06.477+0000 INFO  [o.n.k.i.DiagnosticsManager]     address: 172.17.0.1
2016-05-20 12:55:06.477+0000 INFO  [o.n.k.i.DiagnosticsManager] Interface br-6de3892afb27:
2016-05-20 12:55:06.477+0000 INFO  [o.n.k.i.DiagnosticsManager]     address: 172.18.0.1
2016-05-20 12:55:06.477+0000 INFO  [o.n.k.i.DiagnosticsManager] Interface br-465de258cafe:
2016-05-20 12:55:06.477+0000 INFO  [o.n.k.i.DiagnosticsManager]     address: 172.19.0.1
2016-05-20 12:55:06.478+0000 INFO  [o.n.k.i.DiagnosticsManager] Interface wlp9s0:
2016-05-20 12:55:06.478+0000 INFO  [o.n.k.i.DiagnosticsManager]     address: fe80:0:0:0:f606:69ff:fe82:8c5a%wlp9s0
2016-05-20 12:55:06.478+0000 INFO  [o.n.k.i.DiagnosticsManager]     address: 10.10.80.15
2016-05-20 12:55:06.478+0000 INFO  [o.n.k.i.DiagnosticsManager] Interface lo:
2016-05-20 12:55:06.478+0000 INFO  [o.n.k.i.DiagnosticsManager]     address: 0:0:0:0:0:0:0:1%lo
2016-05-20 12:55:06.478+0000 INFO  [o.n.k.i.DiagnosticsManager]     address: 127.0.0.1
2016-05-20 12:55:06.478+0000 INFO  [o.n.k.i.DiagnosticsManager] --- INITIALIZED diagnostics END ---
2016-05-20 12:55:09.078+0000 INFO  [o.n.k.a.i.i.LuceneLabelScanStore] No lucene scan store index found, this might just be first use. Preparing to rebuild.
2016-05-20 12:55:09.306+0000 INFO  [o.n.k.NeoStoreDataSource] Opened logical log [/home/vandergoes/GitHub/mongo2neo/data/graph.db/neostore.transaction.db.0] version=0, lastTxId=1 (clean)
2016-05-20 12:55:09.320+0000 WARN  [o.n.k.i.s.MetaDataStore] Missing counts store, rebuilding it.
2016-05-20 12:55:09.441+0000 INFO  [o.n.k.a.i.i.LuceneLabelScanStore] Rebuilding lucene scan store, this may take a while
2016-05-20 12:55:09.444+0000 INFO  [o.n.k.a.i.i.LuceneLabelScanStore] Lucene scan store rebuilt (roughly -1 nodes)
2016-05-20 12:55:09.453+0000 INFO  [o.n.k.KernelHealth] Kernel health set to OK
2016-05-20 12:55:10.058+0000 INFO  [o.n.k.AvailabilityGuard] Fulfilling of requirement makes database available: Database available
2016-05-20 12:55:10.059+0000 INFO  [o.n.k.i.f.CommunityFacadeFactory] Database is now ready
2016-05-20 12:55:10.060+0000 INFO  [o.n.k.i.DiagnosticsManager] --- STARTED diagnostics for KernelDiagnostics:Versions START ---
2016-05-20 12:55:10.061+0000 INFO  [o.n.k.i.DiagnosticsManager] Graph Database: Community StoreId{creationTime=1463748908793, randomId=7262106619990057490, storeVersion=15250506225055238, upgradeTime=1463748908793, upgradeId=1}
2016-05-20 12:55:10.062+0000 INFO  [o.n.k.i.DiagnosticsManager] Kernel version: dev
2016-05-20 12:55:10.063+0000 INFO  [o.n.k.i.DiagnosticsManager] --- STARTED diagnostics for KernelDiagnostics:Versions END ---
2016-05-20 12:55:10.076+0000 INFO  [o.n.k.i.DiagnosticsManager] --- STARTED diagnostics for NEO_STORE_VERSIONS START ---
2016-05-20 12:55:10.076+0000 INFO  [o.n.k.i.DiagnosticsManager] Store versions:
2016-05-20 12:55:10.077+0000 INFO  [o.n.k.i.DiagnosticsManager] Store versions:
2016-05-20 12:55:10.077+0000 INFO  [o.n.k.i.DiagnosticsManager] ArrayPropertyStore v0.A.6
2016-05-20 12:55:10.077+0000 INFO  [o.n.k.i.DiagnosticsManager] NodeStore v0.A.6
2016-05-20 12:55:10.077+0000 INFO  [o.n.k.i.DiagnosticsManager] StringPropertyStore v0.A.6
2016-05-20 12:55:10.077+0000 INFO  [o.n.k.i.DiagnosticsManager] PropertyIndexStore v0.A.6
2016-05-20 12:55:10.077+0000 INFO  [o.n.k.i.DiagnosticsManager] StringPropertyStore v0.A.6
2016-05-20 12:55:10.077+0000 INFO  [o.n.k.i.DiagnosticsManager] ArrayPropertyStore v0.A.6
2016-05-20 12:55:10.077+0000 INFO  [o.n.k.i.DiagnosticsManager] PropertyStore v0.A.6
2016-05-20 12:55:10.078+0000 INFO  [o.n.k.i.DiagnosticsManager] RelationshipStore v0.A.6
2016-05-20 12:55:10.078+0000 INFO  [o.n.k.i.DiagnosticsManager] StringPropertyStore v0.A.6
2016-05-20 12:55:10.078+0000 INFO  [o.n.k.i.DiagnosticsManager] RelationshipTypeStore v0.A.6
2016-05-20 12:55:10.078+0000 INFO  [o.n.k.i.DiagnosticsManager] StringPropertyStore v0.A.6
2016-05-20 12:55:10.078+0000 INFO  [o.n.k.i.DiagnosticsManager] LabelTokenStore v0.A.6
2016-05-20 12:55:10.079+0000 INFO  [o.n.k.i.DiagnosticsManager] SchemaStore v0.A.6
2016-05-20 12:55:10.079+0000 INFO  [o.n.k.i.DiagnosticsManager] RelationshipGroupStore v0.A.6
2016-05-20 12:55:10.079+0000 INFO  [o.n.k.i.DiagnosticsManager] NeoStore v0.A.6
2016-05-20 12:55:10.079+0000 INFO  [o.n.k.i.DiagnosticsManager] --- STARTED diagnostics for NEO_STORE_VERSIONS END ---
2016-05-20 12:55:10.079+0000 INFO  [o.n.k.i.DiagnosticsManager] --- STARTED diagnostics for NEO_STORE_ID_USAGE START ---
2016-05-20 12:55:10.079+0000 INFO  [o.n.k.i.DiagnosticsManager] Id usage:
2016-05-20 12:55:10.079+0000 INFO  [o.n.k.i.DiagnosticsManager] Id usage:
2016-05-20 12:55:10.080+0000 INFO  [o.n.k.i.DiagnosticsManager]   ArrayPropertyStore v0.A.6: used=1 high=0
2016-05-20 12:55:10.080+0000 INFO  [o.n.k.i.DiagnosticsManager]   NodeStore v0.A.6: used=0 high=-1
2016-05-20 12:55:10.080+0000 INFO  [o.n.k.i.DiagnosticsManager]   StringPropertyStore v0.A.6: used=1 high=0
2016-05-20 12:55:10.081+0000 INFO  [o.n.k.i.DiagnosticsManager]   PropertyIndexStore v0.A.6: used=0 high=-1
2016-05-20 12:55:10.081+0000 INFO  [o.n.k.i.DiagnosticsManager]   StringPropertyStore v0.A.6: used=1 high=0
2016-05-20 12:55:10.081+0000 INFO  [o.n.k.i.DiagnosticsManager]   ArrayPropertyStore v0.A.6: used=1 high=0
2016-05-20 12:55:10.082+0000 INFO  [o.n.k.i.DiagnosticsManager]   PropertyStore v0.A.6: used=0 high=-1
2016-05-20 12:55:10.082+0000 INFO  [o.n.k.i.DiagnosticsManager]   RelationshipStore v0.A.6: used=0 high=-1
2016-05-20 12:55:10.082+0000 INFO  [o.n.k.i.DiagnosticsManager]   StringPropertyStore v0.A.6: used=1 high=0
2016-05-20 12:55:10.083+0000 INFO  [o.n.k.i.DiagnosticsManager]   RelationshipTypeStore v0.A.6: used=0 high=-1
2016-05-20 12:55:10.083+0000 INFO  [o.n.k.i.DiagnosticsManager]   StringPropertyStore v0.A.6: used=1 high=0
2016-05-20 12:55:10.083+0000 INFO  [o.n.k.i.DiagnosticsManager]   LabelTokenStore v0.A.6: used=0 high=-1
2016-05-20 12:55:10.084+0000 INFO  [o.n.k.i.DiagnosticsManager]   SchemaStore v0.A.6: used=1 high=0
2016-05-20 12:55:10.084+0000 INFO  [o.n.k.i.DiagnosticsManager]   RelationshipGroupStore v0.A.6: used=1 high=0
2016-05-20 12:55:10.084+0000 INFO  [o.n.k.i.DiagnosticsManager]   NeoStore v0.A.6: used=13 high=12
2016-05-20 12:55:10.084+0000 INFO  [o.n.k.i.DiagnosticsManager] --- STARTED diagnostics for NEO_STORE_ID_USAGE END ---
2016-05-20 12:55:10.086+0000 INFO  [o.n.k.i.DiagnosticsManager] --- STARTED diagnostics for NEO_STORE_RECORDS START ---
2016-05-20 12:55:10.086+0000 INFO  [o.n.k.i.DiagnosticsManager] Neostore records:
2016-05-20 12:55:10.087+0000 INFO  [o.n.k.i.DiagnosticsManager] TIME (Creation time): 1463748908793
2016-05-20 12:55:10.087+0000 INFO  [o.n.k.i.DiagnosticsManager] RANDOM_NUMBER (Random number for store id): 7262106619990057490
2016-05-20 12:55:10.087+0000 INFO  [o.n.k.i.DiagnosticsManager] LOG_VERSION (Current log version): 0
2016-05-20 12:55:10.087+0000 INFO  [o.n.k.i.DiagnosticsManager] LAST_TRANSACTION_ID (Last committed transaction): 1
2016-05-20 12:55:10.088+0000 INFO  [o.n.k.i.DiagnosticsManager] STORE_VERSION (Store format version): 15250506225055238
2016-05-20 12:55:10.088+0000 INFO  [o.n.k.i.DiagnosticsManager] FIRST_GRAPH_PROPERTY (First property record containing graph properties): -1
2016-05-20 12:55:10.088+0000 INFO  [o.n.k.i.DiagnosticsManager] LAST_CONSTRAINT_TRANSACTION (Last committed transaction containing constraint changes): 0
2016-05-20 12:55:10.088+0000 INFO  [o.n.k.i.DiagnosticsManager] UPGRADE_TRANSACTION_ID (Transaction id most recent upgrade was performed at): 1
2016-05-20 12:55:10.088+0000 INFO  [o.n.k.i.DiagnosticsManager] UPGRADE_TIME (Time of last upgrade): 1463748908793
2016-05-20 12:55:10.088+0000 INFO  [o.n.k.i.DiagnosticsManager] LAST_TRANSACTION_CHECKSUM (Checksum of last committed transaction): 0
2016-05-20 12:55:10.088+0000 INFO  [o.n.k.i.DiagnosticsManager] UPGRADE_TRANSACTION_CHECKSUM (Checksum of transaction id the most recent upgrade was performed at): 0
2016-05-20 12:55:10.089+0000 INFO  [o.n.k.i.DiagnosticsManager] LAST_CLOSED_TRANSACTION_LOG_VERSION (Log version where the last transaction commit entry has been written into): 0
2016-05-20 12:55:10.089+0000 INFO  [o.n.k.i.DiagnosticsManager] LAST_CLOSED_TRANSACTION_LOG_BYTE_OFFSET (Byte offset in the log file where the last transaction commit entry has been written into): 16
2016-05-20 12:55:10.089+0000 INFO  [o.n.k.i.DiagnosticsManager] --- STARTED diagnostics for NEO_STORE_RECORDS END ---
2016-05-20 12:55:10.089+0000 INFO  [o.n.k.i.DiagnosticsManager] --- STARTED diagnostics for TRANSACTION_RANGE START ---
2016-05-20 12:55:10.089+0000 INFO  [o.n.k.i.DiagnosticsManager] Transaction log:
2016-05-20 12:55:10.091+0000 INFO  [o.n.k.i.DiagnosticsManager] No transactions found in any log
2016-05-20 12:55:10.091+0000 INFO  [o.n.k.i.DiagnosticsManager] --- STARTED diagnostics for TRANSACTION_RANGE END ---
2016-05-20 12:55:10.092+0000 INFO  [o.n.k.i.DiagnosticsManager] --- STARTED diagnostics for KernelDiagnostics:StoreFiles START ---
2016-05-20 12:55:10.093+0000 INFO  [o.n.k.i.DiagnosticsManager] Disk space on partition (Total / Free / Free %): 103509549056 / 23402385408 / 22
Storage files: (filename : modification date - size)
2016-05-20 12:55:10.094+0000 INFO  [o.n.k.i.DiagnosticsManager]   index:
2016-05-20 12:55:10.095+0000 INFO  [o.n.k.i.DiagnosticsManager]   - Total: 2016-05-20T14:55:09+0200 - 0.00 B
2016-05-20 12:55:10.096+0000 INFO  [o.n.k.i.DiagnosticsManager]   messages.log: 2016-05-20T14:55:10+0200 - 21.61 kB
2016-05-20 12:55:10.097+0000 INFO  [o.n.k.i.DiagnosticsManager]   neostore: 2016-05-20T14:55:08+0200 - 8.00 kB
2016-05-20 12:55:10.097+0000 INFO  [o.n.k.i.DiagnosticsManager]   neostore.counts.db.a: 2016-05-20T14:55:09+0200 - 96.00 B
2016-05-20 12:55:10.097+0000 INFO  [o.n.k.i.DiagnosticsManager]   neostore.id: 2016-05-20T14:55:08+0200 - 9.00 B
2016-05-20 12:55:10.098+0000 INFO  [o.n.k.i.DiagnosticsManager]   neostore.labeltokenstore.db: 2016-05-20T14:55:08+0200 - 0.00 B
2016-05-20 12:55:10.098+0000 INFO  [o.n.k.i.DiagnosticsManager]   neostore.labeltokenstore.db.id: 2016-05-20T14:55:08+0200 - 9.00 B
2016-05-20 12:55:10.099+0000 INFO  [o.n.k.i.DiagnosticsManager]   neostore.labeltokenstore.db.names: 2016-05-20T14:55:08+0200 - 8.00 kB
2016-05-20 12:55:10.099+0000 INFO  [o.n.k.i.DiagnosticsManager]   neostore.labeltokenstore.db.names.id: 2016-05-20T14:55:08+0200 - 9.00 B
2016-05-20 12:55:10.099+0000 INFO  [o.n.k.i.DiagnosticsManager]   neostore.nodestore.db: 2016-05-20T14:55:06+0200 - 0.00 B
2016-05-20 12:55:10.100+0000 INFO  [o.n.k.i.DiagnosticsManager]   neostore.nodestore.db.id: 2016-05-20T14:55:06+0200 - 9.00 B
2016-05-20 12:55:10.100+0000 INFO  [o.n.k.i.DiagnosticsManager]   neostore.nodestore.db.labels: 2016-05-20T14:55:06+0200 - 8.00 kB
2016-05-20 12:55:10.100+0000 INFO  [o.n.k.i.DiagnosticsManager]   neostore.nodestore.db.labels.id: 2016-05-20T14:55:06+0200 - 9.00 B
2016-05-20 12:55:10.101+0000 INFO  [o.n.k.i.DiagnosticsManager]   neostore.propertystore.db: 2016-05-20T14:55:07+0200 - 0.00 B
2016-05-20 12:55:10.101+0000 INFO  [o.n.k.i.DiagnosticsManager]   neostore.propertystore.db.arrays: 2016-05-20T14:55:07+0200 - 8.00 kB
2016-05-20 12:55:10.102+0000 INFO  [o.n.k.i.DiagnosticsManager]   neostore.propertystore.db.arrays.id: 2016-05-20T14:55:07+0200 - 9.00 B
2016-05-20 12:55:10.102+0000 INFO  [o.n.k.i.DiagnosticsManager]   neostore.propertystore.db.id: 2016-05-20T14:55:07+0200 - 9.00 B
2016-05-20 12:55:10.102+0000 INFO  [o.n.k.i.DiagnosticsManager]   neostore.propertystore.db.index: 2016-05-20T14:55:07+0200 - 0.00 B
2016-05-20 12:55:10.103+0000 INFO  [o.n.k.i.DiagnosticsManager]   neostore.propertystore.db.index.id: 2016-05-20T14:55:07+0200 - 9.00 B
2016-05-20 12:55:10.103+0000 INFO  [o.n.k.i.DiagnosticsManager]   neostore.propertystore.db.index.keys: 2016-05-20T14:55:07+0200 - 8.00 kB
2016-05-20 12:55:10.103+0000 INFO  [o.n.k.i.DiagnosticsManager]   neostore.propertystore.db.index.keys.id: 2016-05-20T14:55:07+0200 - 9.00 B
2016-05-20 12:55:10.104+0000 INFO  [o.n.k.i.DiagnosticsManager]   neostore.propertystore.db.strings: 2016-05-20T14:55:07+0200 - 8.00 kB
2016-05-20 12:55:10.104+0000 INFO  [o.n.k.i.DiagnosticsManager]   neostore.propertystore.db.strings.id: 2016-05-20T14:55:07+0200 - 9.00 B
2016-05-20 12:55:10.105+0000 INFO  [o.n.k.i.DiagnosticsManager]   neostore.relationshipgroupstore.db: 2016-05-20T14:55:08+0200 - 8.00 kB
2016-05-20 12:55:10.105+0000 INFO  [o.n.k.i.DiagnosticsManager]   neostore.relationshipgroupstore.db.id: 2016-05-20T14:55:08+0200 - 9.00 B
2016-05-20 12:55:10.105+0000 INFO  [o.n.k.i.DiagnosticsManager]   neostore.relationshipstore.db: 2016-05-20T14:55:07+0200 - 0.00 B
2016-05-20 12:55:10.106+0000 INFO  [o.n.k.i.DiagnosticsManager]   neostore.relationshipstore.db.id: 2016-05-20T14:55:07+0200 - 9.00 B
2016-05-20 12:55:10.106+0000 INFO  [o.n.k.i.DiagnosticsManager]   neostore.relationshiptypestore.db: 2016-05-20T14:55:07+0200 - 0.00 B
2016-05-20 12:55:10.106+0000 INFO  [o.n.k.i.DiagnosticsManager]   neostore.relationshiptypestore.db.id: 2016-05-20T14:55:08+0200 - 9.00 B
2016-05-20 12:55:10.107+0000 INFO  [o.n.k.i.DiagnosticsManager]   neostore.relationshiptypestore.db.names: 2016-05-20T14:55:07+0200 - 8.00 kB
2016-05-20 12:55:10.107+0000 INFO  [o.n.k.i.DiagnosticsManager]   neostore.relationshiptypestore.db.names.id: 2016-05-20T14:55:07+0200 - 9.00 B
2016-05-20 12:55:10.107+0000 INFO  [o.n.k.i.DiagnosticsManager]   neostore.schemastore.db: 2016-05-20T14:55:08+0200 - 8.00 kB
2016-05-20 12:55:10.108+0000 INFO  [o.n.k.i.DiagnosticsManager]   neostore.schemastore.db.id: 2016-05-20T14:55:08+0200 - 9.00 B
2016-05-20 12:55:10.108+0000 INFO  [o.n.k.i.DiagnosticsManager]   neostore.transaction.db.0: 2016-05-20T14:55:09+0200 - 16.00 B
2016-05-20 12:55:10.108+0000 INFO  [o.n.k.i.DiagnosticsManager]   schema:
2016-05-20 12:55:10.109+0000 INFO  [o.n.k.i.DiagnosticsManager]     label:
2016-05-20 12:55:10.109+0000 INFO  [o.n.k.i.DiagnosticsManager]       lucene:
2016-05-20 12:55:10.110+0000 INFO  [o.n.k.i.DiagnosticsManager]         write.lock: 2016-05-20T14:55:09+0200 - 0.00 B
2016-05-20 12:55:10.110+0000 INFO  [o.n.k.i.DiagnosticsManager]       - Total: 2016-05-20T14:55:09+0200 - 0.00 B
2016-05-20 12:55:10.116+0000 INFO  [o.n.k.i.DiagnosticsManager]     - Total: 2016-05-20T14:55:09+0200 - 0.00 B
2016-05-20 12:55:10.117+0000 INFO  [o.n.k.i.DiagnosticsManager]   - Total: 2016-05-20T14:55:09+0200 - 0.00 B
2016-05-20 12:55:10.117+0000 INFO  [o.n.k.i.DiagnosticsManager]   store_lock: 2016-05-20T14:55:06+0200 - 0.00 B
2016-05-20 12:55:10.117+0000 INFO  [o.n.k.i.DiagnosticsManager] --- STARTED diagnostics for KernelDiagnostics:StoreFiles END ---
2016-05-20 12:55:11.274+0000 WARN  [o.n.k.i.c.MonitorGc] GC Monitor: Application threads blocked for 912ms.
2016-05-20 12:55:16.109+0000 INFO  [o.n.k.i.f.CommunityFacadeFactory] No locking implementation specified, defaulting to 'community'
2016-05-20 12:55:16.117+0000 INFO  [o.n.k.AvailabilityGuard] Requirement makes database unavailable: Database available
2016-05-20 12:55:16.120+0000 INFO  [o.n.k.i.DiagnosticsManager] --- INITIALIZED diagnostics START ---
2016-05-20 12:55:16.120+0000 INFO  [o.n.k.i.DiagnosticsManager] Neo4j Kernel properties:
2016-05-20 12:55:16.123+0000 INFO  [o.n.k.i.DiagnosticsManager] ephemeral=false
2016-05-20 12:55:16.126+0000 INFO  [o.n.k.i.DiagnosticsManager] edition=Community
2016-05-20 12:55:16.127+0000 INFO  [o.n.k.i.DiagnosticsManager] Diagnostics providers:
2016-05-20 12:55:16.127+0000 INFO  [o.n.k.i.DiagnosticsManager] org.neo4j.kernel.configuration.Config
2016-05-20 12:55:16.127+0000 INFO  [o.n.k.i.DiagnosticsManager] org.neo4j.kernel.info.DiagnosticsManager
2016-05-20 12:55:16.127+0000 INFO  [o.n.k.i.DiagnosticsManager] SYSTEM_MEMORY
2016-05-20 12:55:16.127+0000 INFO  [o.n.k.i.DiagnosticsManager] JAVA_MEMORY
2016-05-20 12:55:16.127+0000 INFO  [o.n.k.i.DiagnosticsManager] OPERATING_SYSTEM
2016-05-20 12:55:16.127+0000 INFO  [o.n.k.i.DiagnosticsManager] JAVA_VIRTUAL_MACHINE
2016-05-20 12:55:16.127+0000 INFO  [o.n.k.i.DiagnosticsManager] CLASSPATH
2016-05-20 12:55:16.127+0000 INFO  [o.n.k.i.DiagnosticsManager] LIBRARY_PATH
2016-05-20 12:55:16.127+0000 INFO  [o.n.k.i.DiagnosticsManager] SYSTEM_PROPERTIES
2016-05-20 12:55:16.127+0000 INFO  [o.n.k.i.DiagnosticsManager] LINUX_SCHEDULERS
2016-05-20 12:55:16.127+0000 INFO  [o.n.k.i.DiagnosticsManager] NETWORK
2016-05-20 12:55:16.127+0000 INFO  [o.n.k.i.DiagnosticsManager] System memory information:
2016-05-20 12:55:16.127+0000 INFO  [o.n.k.i.DiagnosticsManager] Total Physical memory: 3.78 GB
2016-05-20 12:55:16.128+0000 INFO  [o.n.k.i.DiagnosticsManager] Free Physical memory: 38.70 MB
2016-05-20 12:55:16.128+0000 INFO  [o.n.k.i.DiagnosticsManager] Committed virtual memory: 3.73 GB
2016-05-20 12:55:16.128+0000 INFO  [o.n.k.i.DiagnosticsManager] Total swap space: 3.92 GB
2016-05-20 12:55:16.128+0000 INFO  [o.n.k.i.DiagnosticsManager] Free swap space: 2.19 GB
2016-05-20 12:55:16.128+0000 INFO  [o.n.k.i.DiagnosticsManager] JVM memory information:
2016-05-20 12:55:16.128+0000 INFO  [o.n.k.i.DiagnosticsManager] Free  memory: 142.07 MB
2016-05-20 12:55:16.129+0000 INFO  [o.n.k.i.DiagnosticsManager] Total memory: 271.50 MB
2016-05-20 12:55:16.129+0000 INFO  [o.n.k.i.DiagnosticsManager] Max   memory: 862.50 MB
2016-05-20 12:55:16.129+0000 INFO  [o.n.k.i.DiagnosticsManager] Garbage Collector: PS Scavenge: [PS Eden Space, PS Survivor Space]
2016-05-20 12:55:16.129+0000 INFO  [o.n.k.i.DiagnosticsManager] Garbage Collector: PS MarkSweep: [PS Eden Space, PS Survivor Space, PS Old Gen]
2016-05-20 12:55:16.129+0000 INFO  [o.n.k.i.DiagnosticsManager] Memory Pool: Code Cache (Non-heap memory): committed=7.19 MB, used=7.16 MB, max=240.00 MB, threshold=0.00 B
2016-05-20 12:55:16.131+0000 INFO  [o.n.k.i.DiagnosticsManager] Memory Pool: Metaspace (Non-heap memory): committed=33.30 MB, used=32.77 MB, max=-1.00 B, threshold=0.00 B
2016-05-20 12:55:16.131+0000 INFO  [o.n.k.i.DiagnosticsManager] Memory Pool: Compressed Class Space (Non-heap memory): committed=5.30 MB, used=5.16 MB, max=1.00 GB, threshold=0.00 B
2016-05-20 12:55:16.132+0000 INFO  [o.n.k.i.DiagnosticsManager] Memory Pool: PS Eden Space (Heap memory): committed=76.50 MB, used=29.91 MB, max=260.50 MB, threshold=?
2016-05-20 12:55:16.132+0000 INFO  [o.n.k.i.DiagnosticsManager] Memory Pool: PS Survivor Space (Heap memory): committed=32.50 MB, used=14.56 MB, max=32.50 MB, threshold=?
2016-05-20 12:55:16.133+0000 INFO  [o.n.k.i.DiagnosticsManager] Memory Pool: PS Old Gen (Heap memory): committed=162.50 MB, used=84.97 MB, max=647.00 MB, threshold=0.00 B
2016-05-20 12:55:16.133+0000 INFO  [o.n.k.i.DiagnosticsManager] Operating system information:
2016-05-20 12:55:16.133+0000 INFO  [o.n.k.i.DiagnosticsManager] Operating System: Linux; version: 4.4.0-22-generic; arch: amd64; cpus: 4
2016-05-20 12:55:16.133+0000 INFO  [o.n.k.i.DiagnosticsManager] Max number of file descriptors: 64.00 kB
2016-05-20 12:55:16.133+0000 INFO  [o.n.k.i.DiagnosticsManager] Number of open file descriptors: 111.00 B
2016-05-20 12:55:16.133+0000 INFO  [o.n.k.i.DiagnosticsManager] Process id: 3006@vandergoes
2016-05-20 12:55:16.134+0000 INFO  [o.n.k.i.DiagnosticsManager] Byte order: LITTLE_ENDIAN
2016-05-20 12:55:16.134+0000 INFO  [o.n.k.i.DiagnosticsManager] Local timezone: Europe/Amsterdam
2016-05-20 12:55:16.134+0000 INFO  [o.n.k.i.DiagnosticsManager] JVM information:
2016-05-20 12:55:16.134+0000 INFO  [o.n.k.i.DiagnosticsManager] VM Name: OpenJDK 64-Bit Server VM
2016-05-20 12:55:16.134+0000 INFO  [o.n.k.i.DiagnosticsManager] VM Vendor: Oracle Corporation
2016-05-20 12:55:16.134+0000 INFO  [o.n.k.i.DiagnosticsManager] VM Version: 25.91-b14
2016-05-20 12:55:16.134+0000 INFO  [o.n.k.i.DiagnosticsManager] JIT compiler: HotSpot 64-Bit Tiered Compilers
2016-05-20 12:55:16.134+0000 INFO  [o.n.k.i.DiagnosticsManager] VM Arguments: []
2016-05-20 12:55:16.134+0000 INFO  [o.n.k.i.DiagnosticsManager] Java classpath:
2016-05-20 12:55:16.135+0000 INFO  [o.n.k.i.DiagnosticsManager]  [bootstrap] /usr/lib/jvm/java-8-openjdk-amd64/jre/lib/jce.jar
2016-05-20 12:55:16.135+0000 INFO  [o.n.k.i.DiagnosticsManager]  [classpath + loader.0] file:/home/vandergoes/GitHub/mongo2neo/target/mongo2neo-1.0-SNAPSHOT-jar-with-dependencies.jar
2016-05-20 12:55:16.135+0000 INFO  [o.n.k.i.DiagnosticsManager]  [loader.1] file:/usr/lib/jvm/java-8-openjdk-amd64/jre/lib/ext/cldrdata.jar
2016-05-20 12:55:16.135+0000 INFO  [o.n.k.i.DiagnosticsManager]  [bootstrap] /usr/lib/jvm/java-8-openjdk-amd64/jre/classes
2016-05-20 12:55:16.135+0000 INFO  [o.n.k.i.DiagnosticsManager]  [loader.1] file:/usr/lib/jvm/java-8-openjdk-amd64/jre/lib/ext/zipfs.jar
2016-05-20 12:55:16.135+0000 INFO  [o.n.k.i.DiagnosticsManager]  [loader.1] file:/usr/lib/jvm/java-8-openjdk-amd64/jre/lib/ext/nashorn.jar
2016-05-20 12:55:16.135+0000 INFO  [o.n.k.i.DiagnosticsManager]  [loader.1] file:/usr/lib/jvm/java-8-openjdk-amd64/jre/lib/ext/icedtea-sound.jar
2016-05-20 12:55:16.135+0000 INFO  [o.n.k.i.DiagnosticsManager]  [loader.1] file:/usr/lib/jvm/java-8-openjdk-amd64/jre/lib/ext/dnsns.jar
2016-05-20 12:55:16.135+0000 INFO  [o.n.k.i.DiagnosticsManager]  [bootstrap] /usr/lib/jvm/java-8-openjdk-amd64/jre/lib/jsse.jar
2016-05-20 12:55:16.135+0000 INFO  [o.n.k.i.DiagnosticsManager]  [bootstrap] /usr/lib/jvm/java-8-openjdk-amd64/jre/lib/resources.jar
2016-05-20 12:55:16.135+0000 INFO  [o.n.k.i.DiagnosticsManager]  [loader.1] file:/usr/lib/jvm/java-8-openjdk-amd64/jre/lib/ext/localedata.jar
2016-05-20 12:55:16.135+0000 INFO  [o.n.k.i.DiagnosticsManager]  [loader.1] file:/usr/lib/jvm/java-8-openjdk-amd64/jre/lib/ext/sunjce_provider.jar
2016-05-20 12:55:16.135+0000 INFO  [o.n.k.i.DiagnosticsManager]  [loader.1] file:/usr/lib/jvm/java-8-openjdk-amd64/jre/lib/ext/jaccess.jar
2016-05-20 12:55:16.135+0000 INFO  [o.n.k.i.DiagnosticsManager]  [loader.1] file:/usr/lib/jvm/java-8-openjdk-amd64/jre/lib/ext/sunpkcs11.jar
2016-05-20 12:55:16.135+0000 INFO  [o.n.k.i.DiagnosticsManager]  [bootstrap] /usr/lib/jvm/java-8-openjdk-amd64/jre/lib/charsets.jar
2016-05-20 12:55:16.135+0000 INFO  [o.n.k.i.DiagnosticsManager]  [bootstrap] /usr/lib/jvm/java-8-openjdk-amd64/jre/lib/sunrsasign.jar
2016-05-20 12:55:16.135+0000 INFO  [o.n.k.i.DiagnosticsManager]  [loader.1] file:/usr/lib/jvm/java-8-openjdk-amd64/jre/lib/ext/sunec.jar
2016-05-20 12:55:16.135+0000 INFO  [o.n.k.i.DiagnosticsManager]  [bootstrap] /usr/lib/jvm/java-8-openjdk-amd64/jre/lib/jfr.jar
2016-05-20 12:55:16.135+0000 INFO  [o.n.k.i.DiagnosticsManager]  [bootstrap] /usr/lib/jvm/java-8-openjdk-amd64/jre/lib/rt.jar
2016-05-20 12:55:16.135+0000 INFO  [o.n.k.i.DiagnosticsManager] Library path:
2016-05-20 12:55:16.136+0000 INFO  [o.n.k.i.DiagnosticsManager] /usr/java/packages/lib/amd64
2016-05-20 12:55:16.136+0000 INFO  [o.n.k.i.DiagnosticsManager] /usr/lib/x86_64-linux-gnu/jni
2016-05-20 12:55:16.136+0000 INFO  [o.n.k.i.DiagnosticsManager] /lib/x86_64-linux-gnu
2016-05-20 12:55:16.136+0000 INFO  [o.n.k.i.DiagnosticsManager] /usr/lib/x86_64-linux-gnu
2016-05-20 12:55:16.136+0000 INFO  [o.n.k.i.DiagnosticsManager] /usr/lib/jni
2016-05-20 12:55:16.136+0000 INFO  [o.n.k.i.DiagnosticsManager] /lib
2016-05-20 12:55:16.137+0000 INFO  [o.n.k.i.DiagnosticsManager] /usr/lib
2016-05-20 12:55:16.137+0000 INFO  [o.n.k.i.DiagnosticsManager] System.properties:
2016-05-20 12:55:16.137+0000 INFO  [o.n.k.i.DiagnosticsManager] sun.boot.library.path = /usr/lib/jvm/java-8-openjdk-amd64/jre/lib/amd64
2016-05-20 12:55:16.137+0000 INFO  [o.n.k.i.DiagnosticsManager] path.separator = :
2016-05-20 12:55:16.137+0000 INFO  [o.n.k.i.DiagnosticsManager] file.encoding.pkg = sun.io
2016-05-20 12:55:16.137+0000 INFO  [o.n.k.i.DiagnosticsManager] user.country = US
2016-05-20 12:55:16.137+0000 INFO  [o.n.k.i.DiagnosticsManager] sun.java.launcher = SUN_STANDARD
2016-05-20 12:55:16.137+0000 INFO  [o.n.k.i.DiagnosticsManager] sun.os.patch.level = unknown
2016-05-20 12:55:16.137+0000 INFO  [o.n.k.i.DiagnosticsManager] user.dir = /home/vandergoes/GitHub/mongo2neo
2016-05-20 12:55:16.137+0000 INFO  [o.n.k.i.DiagnosticsManager] sun.jnu.encoding = UTF-8
2016-05-20 12:55:16.137+0000 INFO  [o.n.k.i.DiagnosticsManager] sun.management.compiler = HotSpot 64-Bit Tiered Compilers
2016-05-20 12:55:16.137+0000 INFO  [o.n.k.i.DiagnosticsManager] user.home = /home/vandergoes
2016-05-20 12:55:16.137+0000 INFO  [o.n.k.i.DiagnosticsManager] user.timezone = Europe/Amsterdam
2016-05-20 12:55:16.137+0000 INFO  [o.n.k.i.DiagnosticsManager] file.encoding = UTF-8
2016-05-20 12:55:16.137+0000 INFO  [o.n.k.i.DiagnosticsManager] user.name = vandergoes
2016-05-20 12:55:16.138+0000 INFO  [o.n.k.i.DiagnosticsManager] sun.java.command = target/mongo2neo-1.0-SNAPSHOT-jar-with-dependencies.jar
2016-05-20 12:55:16.138+0000 INFO  [o.n.k.i.DiagnosticsManager] sun.arch.data.model = 64
2016-05-20 12:55:16.143+0000 INFO  [o.n.k.i.DiagnosticsManager] user.language = en
2016-05-20 12:55:16.143+0000 INFO  [o.n.k.i.DiagnosticsManager] awt.toolkit = sun.awt.X11.XToolkit
2016-05-20 12:55:16.143+0000 INFO  [o.n.k.i.DiagnosticsManager] file.separator = /
2016-05-20 12:55:16.143+0000 INFO  [o.n.k.i.DiagnosticsManager] sun.io.unicode.encoding = UnicodeLittle
2016-05-20 12:55:16.143+0000 INFO  [o.n.k.i.DiagnosticsManager] sun.cpu.endian = little
2016-05-20 12:55:16.143+0000 INFO  [o.n.k.i.DiagnosticsManager] sun.desktop = gnome
2016-05-20 12:55:16.144+0000 INFO  [o.n.k.i.DiagnosticsManager] sun.cpu.isalist = 
2016-05-20 12:55:16.144+0000 INFO  [o.n.k.i.DiagnosticsManager] Linux scheduler information:
2016-05-20 12:55:16.144+0000 INFO  [o.n.k.i.DiagnosticsManager] noop [deadline] cfq 
2016-05-20 12:55:16.145+0000 INFO  [o.n.k.i.DiagnosticsManager] noop [deadline] cfq 
2016-05-20 12:55:16.145+0000 INFO  [o.n.k.i.DiagnosticsManager] none
2016-05-20 12:55:16.145+0000 INFO  [o.n.k.i.DiagnosticsManager] none
2016-05-20 12:55:16.145+0000 INFO  [o.n.k.i.DiagnosticsManager] none
2016-05-20 12:55:16.145+0000 INFO  [o.n.k.i.DiagnosticsManager] none
2016-05-20 12:55:16.145+0000 INFO  [o.n.k.i.DiagnosticsManager] none
2016-05-20 12:55:16.145+0000 INFO  [o.n.k.i.DiagnosticsManager] none
2016-05-20 12:55:16.146+0000 INFO  [o.n.k.i.DiagnosticsManager] none
2016-05-20 12:55:16.146+0000 INFO  [o.n.k.i.DiagnosticsManager] none
2016-05-20 12:55:16.146+0000 INFO  [o.n.k.i.DiagnosticsManager] none
2016-05-20 12:55:16.146+0000 INFO  [o.n.k.i.DiagnosticsManager] none
2016-05-20 12:55:16.146+0000 INFO  [o.n.k.i.DiagnosticsManager] none
2016-05-20 12:55:16.146+0000 INFO  [o.n.k.i.DiagnosticsManager] none
2016-05-20 12:55:16.146+0000 INFO  [o.n.k.i.DiagnosticsManager] none
2016-05-20 12:55:16.147+0000 INFO  [o.n.k.i.DiagnosticsManager] none
2016-05-20 12:55:16.147+0000 INFO  [o.n.k.i.DiagnosticsManager] none
2016-05-20 12:55:16.147+0000 INFO  [o.n.k.i.DiagnosticsManager] none
2016-05-20 12:55:16.147+0000 INFO  [o.n.k.i.DiagnosticsManager] none
2016-05-20 12:55:16.147+0000 INFO  [o.n.k.i.DiagnosticsManager] none
2016-05-20 12:55:16.147+0000 INFO  [o.n.k.i.DiagnosticsManager] none
2016-05-20 12:55:16.147+0000 INFO  [o.n.k.i.DiagnosticsManager] none
2016-05-20 12:55:16.148+0000 INFO  [o.n.k.i.DiagnosticsManager] none
2016-05-20 12:55:16.148+0000 INFO  [o.n.k.i.DiagnosticsManager] none
2016-05-20 12:55:16.148+0000 INFO  [o.n.k.i.DiagnosticsManager] none
2016-05-20 12:55:16.148+0000 INFO  [o.n.k.i.DiagnosticsManager] none
2016-05-20 12:55:16.148+0000 INFO  [o.n.k.i.DiagnosticsManager] Network information:
2016-05-20 12:55:16.157+0000 INFO  [o.n.k.i.DiagnosticsManager] Interface docker0:
2016-05-20 12:55:16.158+0000 INFO  [o.n.k.i.DiagnosticsManager]     address: 172.17.0.1
2016-05-20 12:55:16.158+0000 INFO  [o.n.k.i.DiagnosticsManager] Interface br-6de3892afb27:
2016-05-20 12:55:16.158+0000 INFO  [o.n.k.i.DiagnosticsManager]     address: 172.18.0.1
2016-05-20 12:55:16.158+0000 INFO  [o.n.k.i.DiagnosticsManager] Interface br-465de258cafe:
2016-05-20 12:55:16.158+0000 INFO  [o.n.k.i.DiagnosticsManager]     address: 172.19.0.1
2016-05-20 12:55:16.158+0000 INFO  [o.n.k.i.DiagnosticsManager] Interface wlp9s0:
2016-05-20 12:55:16.158+0000 INFO  [o.n.k.i.DiagnosticsManager]     address: fe80:0:0:0:f606:69ff:fe82:8c5a%wlp9s0
2016-05-20 12:55:16.158+0000 INFO  [o.n.k.i.DiagnosticsManager]     address: 10.10.80.15
2016-05-20 12:55:16.158+0000 INFO  [o.n.k.i.DiagnosticsManager] Interface lo:
2016-05-20 12:55:16.158+0000 INFO  [o.n.k.i.DiagnosticsManager]     address: 0:0:0:0:0:0:0:1%lo
2016-05-20 12:55:16.158+0000 INFO  [o.n.k.i.DiagnosticsManager]     address: 127.0.0.1
2016-05-20 12:55:16.158+0000 INFO  [o.n.k.i.DiagnosticsManager] --- INITIALIZED diagnostics END ---
2016-05-20 12:55:16.162+0000 INFO  [o.n.k.i.f.GraphDatabaseFacade] Shutdown started
2016-05-20 12:55:16.163+0000 INFO  [o.n.k.i.DiagnosticsManager] --- SHUTDOWN diagnostics START ---
2016-05-20 12:55:16.163+0000 INFO  [o.n.k.i.DiagnosticsManager] --- SHUTDOWN diagnostics END ---
